info it worked if it ends with ok
verbose cli [ 'node', '/usr/local/bin/npm', 'test' ]
info using npm@1.1.12
info using node@v0.6.14
verbose config file /Users/michaelrayner/.npmrc
verbose config file /usr/local/etc/npmrc
verbose config file /usr/local/lib/node_modules/npm/npmrc
ERR! Error: ENOENT, open '/Users/michaelrayner/code/node/node-cqrs/bin/package.json'
ERR! You may report this log at:
ERR!     <http://github.com/isaacs/npm/issues>
ERR! or email it to:
ERR!     <npm-@googlegroups.com>
ERR! 
ERR! System Darwin 11.3.0
ERR! command "node" "/usr/local/bin/npm" "test"
ERR! cwd /Users/michaelrayner/code/node/node-cqrs/bin
ERR! node -v v0.6.14
ERR! npm -v 1.1.12
ERR! path /Users/michaelrayner/code/node/node-cqrs/bin/package.json
ERR! code ENOENT
ERR! message ENOENT, open '/Users/michaelrayner/code/node/node-cqrs/bin/package.json'
ERR! errno {}
verbose exit [ 1, true ]
